This is pdfTeX, Version 3.1415926-1.40.10 (TeX Live 2009/Debian) (format=pdflatex 2011.4.19)  8 AUG 2011 16:25
entering extended mode
 %&-line parsing enabled.
**aap_paper.tex
(./aap_paper.tex
LaTeX2e <2009/09/24>
Babel <v3.8l> and hyphenation patterns for english, usenglishmax, dumylang, noh
yphenation, ngerman, german, german-x-2009-06-19, ngerman-x-2009-06-19, loaded.

(/home/lluc/texmf/tex/latex/elsarticle.cls
Document Class: elsarticle 2009/09/17, 1.20b: Elsevier Ltd
\@bls=\dimen102
(/usr/share/texmf-texlive/tex/latex/base/article.cls
Document Class: article 2007/10/19 v1.4h Standard LaTeX document class
(/usr/share/texmf-texlive/tex/latex/base/size12.clo
File: size12.clo 2007/10/19 v1.4h Standard LaTeX file (size option)
)
\c@part=\count79
\c@section=\count80
\c@subsection=\count81
\c@subsubsection=\count82
\c@paragraph=\count83
\c@subparagraph=\count84
\c@figure=\count85
\c@table=\count86
\abovecaptionskip=\skip41
\belowcaptionskip=\skip42
\bibindent=\dimen103
)
(/usr/share/texmf-texlive/tex/latex/graphics/graphicx.sty
Package: graphicx 1999/02/16 v1.0f Enhanced LaTeX Graphics (DPC,SPQR)

(/usr/share/texmf-texlive/tex/latex/graphics/keyval.sty
Package: keyval 1999/03/16 v1.13 key=value parser (DPC)
\KV@toks@=\toks14
)
(/usr/share/texmf-texlive/tex/latex/graphics/graphics.sty
Package: graphics 2009/02/05 v1.0o Standard LaTeX Graphics (DPC,SPQR)

(/usr/share/texmf-texlive/tex/latex/graphics/trig.sty
Package: trig 1999/03/16 v1.09 sin cos tan (DPC)
)
(/etc/texmf/tex/latex/config/graphics.cfg
File: graphics.cfg 2009/08/28 v1.8 graphics configuration of TeX Live
)
Package graphics Info: Driver file: pdftex.def on input line 91.

(/usr/share/texmf-texlive/tex/latex/pdftex-def/pdftex.def
File: pdftex.def 2010/03/12 v0.04p Graphics/color for pdfTeX
\Gread@gobject=\count87
))
\Gin@req@height=\dimen104
\Gin@req@width=\dimen105
)
(/usr/share/texmf-texlive/tex/latex/psnfss/pifont.sty
Package: pifont 2005/04/12 PSNFSS-v9.2a Pi font support (SPQR) 
LaTeX Font Info:    Try loading font information for U+pzd on input line 63.

(/usr/share/texmf-texlive/tex/latex/psnfss/upzd.fd
File: upzd.fd 2001/06/04 font definitions for U/pzd.
)
LaTeX Font Info:    Try loading font information for U+psy on input line 64.

(/usr/share/texmf-texlive/tex/latex/psnfss/upsy.fd
File: upsy.fd 2001/06/04 font definitions for U/psy.
))
\c@tnote=\count88
\c@fnote=\count89
\c@cnote=\count90
\c@ead=\count91
\c@author=\count92
\@eadauthor=\toks15
\c@affn=\count93
\absbox=\box26
\keybox=\box27
\Columnwidth=\dimen106
\space@left=\dimen107
\els@boxa=\box28
\els@boxb=\box29
\leftMargin=\dimen108
\@enLab=\toks16
\@sep=\skip43
\@@sep=\skip44
 (./aap_paper.spl)
(/home/lluc/texmf/tex/latex/natbib.sty
Package: natbib 2006/09/06 7.4a (PWD)
\bibhang=\skip45
\bibsep=\skip46
LaTeX Info: Redefining \cite on input line 541.
\c@NAT@ctr=\count94
)
\splwrite=\write3
\openout3 = `aap_paper.spl'.

\appnamewidth=\dimen109
)
(/usr/share/texmf-texlive/tex/latex/amsfonts/amssymb.sty
Package: amssymb 2009/06/22 v3.00

(/usr/share/texmf-texlive/tex/latex/amsfonts/amsfonts.sty
Package: amsfonts 2009/06/22 v3.00 Basic AMSFonts support
\@emptytoks=\toks17
\symAMSa=\mathgroup4
\symAMSb=\mathgroup5
LaTeX Font Info:    Overwriting math alphabet `\mathfrak' in version `bold'
(Font)                  U/euf/m/n --> U/euf/b/n on input line 96.
))
(/usr/share/texmf-texlive/tex/latex/base/textcomp.sty
Package: textcomp 2005/09/27 v1.99g Standard LaTeX package
Package textcomp Info: Sub-encoding information:
(textcomp)               5 = only ISO-Adobe without \textcurrency
(textcomp)               4 = 5 + \texteuro
(textcomp)               3 = 4 + \textohm
(textcomp)               2 = 3 + \textestimated + \textcurrency
(textcomp)               1 = TS1 - \textcircled - \t
(textcomp)               0 = TS1 (full)
(textcomp)             Font families with sub-encoding setting implement
(textcomp)             only a restricted character set as indicated.
(textcomp)             Family '?' is the default used for unknown fonts.
(textcomp)             See the documentation for details.
Package textcomp Info: Setting ? sub-encoding to TS1/1 on input line 71.

(/usr/share/texmf-texlive/tex/latex/base/ts1enc.def
File: ts1enc.def 2001/06/05 v3.0e (jk/car/fm) Standard LaTeX file
)
LaTeX Info: Redefining \oldstylenums on input line 266.
Package textcomp Info: Setting cmr sub-encoding to TS1/0 on input line 281.
Package textcomp Info: Setting cmss sub-encoding to TS1/0 on input line 282.
Package textcomp Info: Setting cmtt sub-encoding to TS1/0 on input line 283.
Package textcomp Info: Setting cmvtt sub-encoding to TS1/0 on input line 284.
Package textcomp Info: Setting cmbr sub-encoding to TS1/0 on input line 285.
Package textcomp Info: Setting cmtl sub-encoding to TS1/0 on input line 286.
Package textcomp Info: Setting ccr sub-encoding to TS1/0 on input line 287.
Package textcomp Info: Setting ptm sub-encoding to TS1/4 on input line 288.
Package textcomp Info: Setting pcr sub-encoding to TS1/4 on input line 289.
Package textcomp Info: Setting phv sub-encoding to TS1/4 on input line 290.
Package textcomp Info: Setting ppl sub-encoding to TS1/3 on input line 291.
Package textcomp Info: Setting pag sub-encoding to TS1/4 on input line 292.
Package textcomp Info: Setting pbk sub-encoding to TS1/4 on input line 293.
Package textcomp Info: Setting pnc sub-encoding to TS1/4 on input line 294.
Package textcomp Info: Setting pzc sub-encoding to TS1/4 on input line 295.
Package textcomp Info: Setting bch sub-encoding to TS1/4 on input line 296.
Package textcomp Info: Setting put sub-encoding to TS1/5 on input line 297.
Package textcomp Info: Setting uag sub-encoding to TS1/5 on input line 298.
Package textcomp Info: Setting ugq sub-encoding to TS1/5 on input line 299.
Package textcomp Info: Setting ul8 sub-encoding to TS1/4 on input line 300.
Package textcomp Info: Setting ul9 sub-encoding to TS1/4 on input line 301.
Package textcomp Info: Setting augie sub-encoding to TS1/5 on input line 302.
Package textcomp Info: Setting dayrom sub-encoding to TS1/3 on input line 303.
Package textcomp Info: Setting dayroms sub-encoding to TS1/3 on input line 304.

Package textcomp Info: Setting pxr sub-encoding to TS1/0 on input line 305.
Package textcomp Info: Setting pxss sub-encoding to TS1/0 on input line 306.
Package textcomp Info: Setting pxtt sub-encoding to TS1/0 on input line 307.
Package textcomp Info: Setting txr sub-encoding to TS1/0 on input line 308.
Package textcomp Info: Setting txss sub-encoding to TS1/0 on input line 309.
Package textcomp Info: Setting txtt sub-encoding to TS1/0 on input line 310.
Package textcomp Info: Setting futs sub-encoding to TS1/4 on input line 311.
Package textcomp Info: Setting futx sub-encoding to TS1/4 on input line 312.
Package textcomp Info: Setting futj sub-encoding to TS1/4 on input line 313.
Package textcomp Info: Setting hlh sub-encoding to TS1/3 on input line 314.
Package textcomp Info: Setting hls sub-encoding to TS1/3 on input line 315.
Package textcomp Info: Setting hlst sub-encoding to TS1/3 on input line 316.
Package textcomp Info: Setting hlct sub-encoding to TS1/5 on input line 317.
Package textcomp Info: Setting hlx sub-encoding to TS1/5 on input line 318.
Package textcomp Info: Setting hlce sub-encoding to TS1/5 on input line 319.
Package textcomp Info: Setting hlcn sub-encoding to TS1/5 on input line 320.
Package textcomp Info: Setting hlcw sub-encoding to TS1/5 on input line 321.
Package textcomp Info: Setting hlcf sub-encoding to TS1/5 on input line 322.
Package textcomp Info: Setting pplx sub-encoding to TS1/3 on input line 323.
Package textcomp Info: Setting pplj sub-encoding to TS1/3 on input line 324.
Package textcomp Info: Setting ptmx sub-encoding to TS1/4 on input line 325.
Package textcomp Info: Setting ptmj sub-encoding to TS1/4 on input line 326.
)
(/usr/share/texmf-texlive/tex/latex/base/fixltx2e.sty
Package: fixltx2e 2006/09/13 v1.1m fixes to LaTeX
LaTeX Info: Redefining \em on input line 420.
) (./aap_paper.aux)
\openout1 = `aap_paper.aux'.

LaTeX Font Info:    Checking defaults for OML/cmm/m/it on input line 81.
LaTeX Font Info:    ... okay on input line 81.
LaTeX Font Info:    Checking defaults for T1/cmr/m/n on input line 81.
LaTeX Font Info:    ... okay on input line 81.
LaTeX Font Info:    Checking defaults for OT1/cmr/m/n on input line 81.
LaTeX Font Info:    ... okay on input line 81.
LaTeX Font Info:    Checking defaults for OMS/cmsy/m/n on input line 81.
LaTeX Font Info:    ... okay on input line 81.
LaTeX Font Info:    Checking defaults for OMX/cmex/m/n on input line 81.
LaTeX Font Info:    ... okay on input line 81.
LaTeX Font Info:    Checking defaults for U/cmr/m/n on input line 81.
LaTeX Font Info:    ... okay on input line 81.
LaTeX Font Info:    Checking defaults for TS1/cmr/m/n on input line 81.
LaTeX Font Info:    Try loading font information for TS1+cmr on input line 81.

(/usr/share/texmf-texlive/tex/latex/base/ts1cmr.fd
File: ts1cmr.fd 1999/05/25 v2.5h Standard LaTeX font definitions
)
LaTeX Font Info:    ... okay on input line 81.

(/usr/share/texmf-texlive/tex/context/base/supp-pdf.mkii
[Loading MPS to PDF converter (version 2006.09.02).]
\scratchcounter=\count95
\scratchdimen=\dimen110
\scratchbox=\box30
\nofMPsegments=\count96
\nofMParguments=\count97
\everyMPshowfont=\toks18
\MPscratchCnt=\count98
\MPscratchDim=\dimen111
\MPnumerator=\count99
\everyMPtoPDFconversion=\toks19
)
LaTeX Font Info:    Try loading font information for U+msa on input line 130.
 (/usr/share/texmf-texlive/tex/latex/amsfonts/umsa.fd
File: umsa.fd 2009/06/22 v3.00 AMS symbols A
)
LaTeX Font Info:    Try loading font information for U+msb on input line 130.

(/usr/share/texmf-texlive/tex/latex/amsfonts/umsb.fd
File: umsb.fd 2009/06/22 v3.00 AMS symbols B
)

Package natbib Warning: Citation `i.e. Kuder1998' on page 1 undefined on input 
line 144.

! Undefined control sequence.
l.146 ...eaf litter is \cite{Franchini2002}. \site
                                                  {Snajdr2010} presents basi...
The control sequence at the end of the top line
of your error message was never \def'ed. If you have
misspelled it (e.g., `\hobx'), type `I' and the correct
spelling (e.g., `I\hbox'). Otherwise just continue,
and I'll forget about whatever was undefined.

[1


{/var/lib/texmf/fonts/map/pdftex/updmap/pdftex.map}]
LaTeX Font Info:    Try loading font information for OML+cmr on input line 156.


(/usr/share/texmf-texlive/tex/latex/base/omlcmr.fd
File: omlcmr.fd 1999/05/25 v2.5h Standard LaTeX font definitions
)
LaTeX Font Info:    Font shape `OML/cmr/m/n' in size <12> not available
(Font)              Font shape `OML/cmm/m/it' tried instead on input line 156.

Runaway argument?
! Paragraph ended before \OT1\. was complete.
<to be read again> 
                   \par 
l.159 
      
I suspect you've forgotten a `}', causing me to apply this
control sequence to too much text. How can we recover?
My plan is to forget the whole thing and hope for the best.

[2] [3]
Missing character: There is no á in font cmr12!
Missing character: There is no º in font cmr12!
Missing character: There is no ƒ in font cmr12!
 [4]
Overfull \hbox (2.44592pt too wide) in paragraph at lines 187--188
[]\OT1/cmr/m/n/12 Of 38 phe-no-lic py-rol-y-sis prod-ucts were iden-ti-fied, 15
 of which had guaiacol-
 []


Overfull \hbox (8.44331pt too wide) in paragraph at lines 189--190
[]\OT1/cmr/m/n/12 Part of non-methoxylated phe-nols py-rol-y-sis prod-ucts (sid
e chains -CH$[]$CH$[]$,
 []


Overfull \hbox (65.30777pt too wide) in paragraph at lines 189--190
\OT1/cmr/m/n/12 prod-ucts of lignin, sug-gest-ing that they are py-rol-y-sis pr
od-ucts of p-hydroxypropanylphenol
 []

[5]
Runaway argument?
{ were focusing on changes between the frequency of lignin pyrolysis \ETC.
! Paragraph ended before \@citex was complete.
<to be read again> 
                   \par 
l.223 
      
I suspect you've forgotten a `}', causing me to apply this
control sequence to too much text. How can we recover?
My plan is to forget the whole thing and hope for the best.

[6] (./aap_paper.bbl
Overfull \hbox (25.88448pt too wide) in paragraph at lines 9--17
\OT1/cmr/m/n/12 URL \OT1/cmtt/m/n/12 http://www.springerlink.com/index/10.1007/
s10533-010-9439-0 
 []


Overfull \hbox (32.05948pt too wide) in paragraph at lines 19--24
\OT1/cmr/m/n/12 URL \OT1/cmtt/m/n/12 http://crop.scijournals.org/cgi/doi/10.213
5/cropsci2004.0238 
 []

Missing character: There is no â in font cmr12!
Missing character: There is no € in font cmr12!
Missing character: There is no “ in font cmr12!

Overfull \hbox (38.23448pt too wide) in paragraph at lines 26--34
\OT1/cmr/m/n/12 URL \OT1/cmtt/m/n/12 http://linkinghub.elsevier.com/retrieve/pi
i/S0146638009000680 
 []


Underfull \hbox (badness 2237) in paragraph at lines 36--45
\OT1/cmr/m/n/12 ra-phy, Palaeo-cli-ma-tol-ogy, Palaeoe-col-ogy 299 (1-2) (2011)
 56--69.
 []


Overfull \hbox (38.23448pt too wide) in paragraph at lines 36--45
\OT1/cmr/m/n/12 URL \OT1/cmtt/m/n/12 http://linkinghub.elsevier.com/retrieve/pi
i/S0031018210006504 
 []

[7]
Overfull \hbox (522.60172pt too wide) in paragraph at lines 47--56
\OT1/cmr/m/n/12 URL \OT1/cmtt/m/n/12 http://apps.isiknowledge.com/full[]record.
do?product=UA&colname=WOS&search[]mode=CitingArticles&qid=32&SID=W1Ad1MhL1J1nej
kjoKD&page=14&doc=136 
 []


Overfull \hbox (38.23448pt too wide) in paragraph at lines 63--72
\OT1/cmr/m/n/12 URL \OT1/cmtt/m/n/12 http://linkinghub.elsevier.com/retrieve/pi
i/S0038071710001331 
 []

Missing character: There is no â in font cmr12!
Missing character: There is no € in font cmr12!
Missing character: There is no ” in font cmr12!
[8]) [9] <sidechainratios_new.pdf, id=39, 867.24pt x 867.24pt>
File: sidechainratios_new.pdf Graphic file (type pdf)

<use sidechainratios_new.pdf> <G_Sy_ratio.pdf, id=40, 505.89pt x 505.89pt>
File: G_Sy_ratio.pdf Graphic file (type pdf)

<use G_Sy_ratio.pdf>
Overfull \hbox (74.04848pt too wide) in paragraph at lines 289--334
 [] 
 []


Overfull \hbox (18.40182pt too wide) in paragraph at lines 342--390
 [] 
 []


Package natbib Warning: There were undefined citations.

[10 <./sidechainratios_new.pdf>] [11] [12 <./G_Sy_ratio.pdf>] (./aap_paper.aux)
 )
(\end occurred inside a group at level 1)

### semi simple group (level 1) entered at line 222 (\begingroup)
### bottom level 
Here is how much of TeX's memory you used:
 2242 strings out of 495021
 27938 string characters out of 1181035
 95011 words of memory out of 3000000
 5417 multiletter control sequences out of 15000+50000
 11425 words of font info for 43 fonts, out of 3000000 for 9000
 28 hyphenation exceptions out of 8191
 32i,8n,30p,1012b,288s stack positions out of 5000i,500n,10000p,200000b,50000s
 </home/lluc/.texmf-var/fonts/pk/ljfour/jknappen/ec/tcrm1200.60
0pk></usr/share/texmf-texlive/fonts/type1/public/amsfonts/cm/cmbx12.pfb></usr/s
hare/texmf-texlive/fonts/type1/public/amsfonts/cm/cmmi12.pfb></usr/share/texmf-
texlive/fonts/type1/public/amsfonts/cm/cmr10.pfb></usr/share/texmf-texlive/font
s/type1/public/amsfonts/cm/cmr12.pfb></usr/share/texmf-texlive/fonts/type1/publ
ic/amsfonts/cm/cmr17.pfb></usr/share/texmf-texlive/fonts/type1/public/amsfonts/
cm/cmr5.pfb></usr/share/texmf-texlive/fonts/type1/public/amsfonts/cm/cmr6.pfb><
/usr/share/texmf-texlive/fonts/type1/public/amsfonts/cm/cmr8.pfb></usr/share/te
xmf-texlive/fonts/type1/public/amsfonts/cm/cmti10.pfb></usr/share/texmf-texlive
/fonts/type1/public/amsfonts/cm/cmti12.pfb></usr/share/texmf-texlive/fonts/type
1/public/amsfonts/cm/cmtt12.pfb>
Output written on aap_paper.pdf (12 pages, 376802 bytes).
PDF statistics:
 101 PDF objects out of 1000 (max. 8388607)
 0 named destinations out of 1000 (max. 500000)
 11 words of extra memory for PDF output out of 10000 (max. 10000000)

