This is pdfTeX, Version 3.1415926-1.40.10 (TeX Live 2009/Debian) (format=latex 2011.4.19)  8 JUL 2011 20:53
entering extended mode
 %&-line parsing enabled.
**\makeatletter\def\HCode{\futurelet\HCode\HChar}\def\HChar{\ifx"\HCode\def\HCo
de"##1"{\Link##1}\expandafter\HCode\else\expandafter\Link\fi}\def\Link#1.a.b.c.
{\g@addto@macro\@documentclasshook{\RequirePackage[#1,html]{tex4ht}}\let\HCode\
documentstyle\def\documentstyle{\let\documentstyle\HCode\expandafter\def\csname
 tex4ht\endcsname{#1,html}\def\HCode####1{\documentstyle[tex4ht,}\@ifnextchar[{
\HCode}{\documentstyle[tex4ht]}}}\makeatother\HCode xhtml,ooffice.a.b.c.\input 
 MyFile.tex

! Emergency stop.
<*> ...Code xhtml,ooffice.a.b.c.\input  MyFile.tex
                                                  
End of file on the terminal!

 
Here is how much of TeX's memory you used:
 7 strings out of 495022
 124 string characters out of 1181058
 45235 words of memory out of 3000000
 3300 multiletter control sequences out of 15000+50000
 3640 words of font info for 14 fonts, out of 3000000 for 9000
 28 hyphenation exceptions out of 8191
 4i,0n,3p,489b,8s stack positions out of 5000i,500n,10000p,200000b,50000s
No pages of output.
